<?xml version="1.0" encoding="UTF-8"?>
<testsuite xmlns:xsi="http://www.w3.org/2001/XMLSchema-instance" xsi:noNamespaceSchemaLocation="https://maven.apache.org/surefire/maven-surefire-plugin/xsd/surefire-test-report-3.0.xsd" version="3.0" name="cl.kibernumacademy.pom.tests.WebFormTest" time="20.694" tests="7" errors="1" skipped="0" failures="0">
  <properties>
[...]
</properties>
  <testcase name="testCheckBox" classname="cl.kibernumacademy.pom.tests.WebFormTest" time="3.165">
    <system-err><![CDATA[SLF4J(W): No SLF4J providers were found.
SLF4J(W): Defaulting to no-operation (NOP) logger implementation
SLF4J(W): See https://www.slf4j.org/codes.html#noProviders for further details.
jul. 22, 2025 8:28:37 P. M. org.openqa.selenium.devtools.CdpVersionFinder findNearestMatch
ADVERTENCIA: Unable to find CDP implementation matching 138
jul. 22, 2025 8:28:37 P. M. org.openqa.selenium.chromium.ChromiumDriver lambda$new$5
ADVERTENCIA: Unable to find version of CDP to use for 138.0.7204.158. You may need to include a dependency on a specific version of the CDP using something similar to `org.seleniumhq.selenium:selenium-devtools-v86:4.21.0` where the version ("v86") matches the version of the chromium-based browser you're using and the version number of the artifact is the same as Selenium's.
]]></system-err>
  </testcase>
  <testcase name="testPasswordInput" classname="cl.kibernumacademy.pom.tests.WebFormTest" time="2.821">
    <system-err><![CDATA[jul. 22, 2025 8:28:40 P. M. org.openqa.selenium.devtools.CdpVersionFinder findNearestMatch
ADVERTENCIA: Unable to find CDP implementation matching 138
jul. 22, 2025 8:28:40 P. M. org.openqa.selenium.chromium.ChromiumDriver lambda$new$5
ADVERTENCIA: Unable to find version of CDP to use for 138.0.7204.158. You may need to include a dependency on a specific version of the CDP using something similar to `org.seleniumhq.selenium:selenium-devtools-v86:4.21.0` where the version ("v86") matches the version of the chromium-based browser you're using and the version number of the artifact is the same as Selenium's.
]]></system-err>
  </testcase>
  <testcase name="testRadioButton" classname="cl.kibernumacademy.pom.tests.WebFormTest" time="2.381">
    <system-err><![CDATA[jul. 22, 2025 8:28:43 P. M. org.openqa.selenium.devtools.CdpVersionFinder findNearestMatch
ADVERTENCIA: Unable to find CDP implementation matching 138
jul. 22, 2025 8:28:43 P. M. org.openqa.selenium.chromium.ChromiumDriver lambda$new$5
ADVERTENCIA: Unable to find version of CDP to use for 138.0.7204.158. You may need to include a dependency on a specific version of the CDP using something similar to `org.seleniumhq.selenium:selenium-devtools-v86:4.21.0` where the version ("v86") matches the version of the chromium-based browser you're using and the version number of the artifact is the same as Selenium's.
]]></system-err>
  </testcase>
  <testcase name="testSubmitFromSuccess" classname="cl.kibernumacademy.pom.tests.WebFormTest" time="3.505">
    <error message="no such element: Unable to locate element: {&quot;method&quot;:&quot;css selector&quot;,&quot;selector&quot;:&quot;#message&quot;}&#10;  (Session info: chrome=138.0.7204.158)&#10;For documentation on this error, please visit: https://www.selenium.dev/documentation/webdriver/troubleshooting/errors#no-such-element-exception&#10;Build info: version: &apos;4.21.0&apos;, revision: &apos;79ed462ef4&apos;&#10;System info: os.name: &apos;Windows 10&apos;, os.arch: &apos;amd64&apos;, os.version: &apos;10.0&apos;, java.version: &apos;17.0.15&apos;&#10;Driver info: org.openqa.selenium.chrome.ChromeDriver&#10;Command: [49eb74e1db0d961b2c094de8fade8236, findElement {value=message, using=id}]&#10;Capabilities {acceptInsecureCerts: false, browserName: chrome, browserVersion: 138.0.7204.158, chrome: {chromedriverVersion: 138.0.7204.168 (3e8d82e86e9..., userDataDir: C:\Users\arens\AppData\Loca...}, fedcm:accounts: true, goog:chromeOptions: {debuggerAddress: localhost:51219}, networkConnectionEnabled: false, pageLoadStrategy: normal, platformName: windows, proxy: Proxy(), se:cdp: ws://localhost:51219/devtoo..., se:cdpVersion: 138.0.7204.158, setWindowRect: true, strictFileInteractability: false, timeouts: {implicit: 0, pageLoad: 300000, script: 30000}, unhandledPromptBehavior: dismiss and notify, webauthn:extension:credBlob: true, webauthn:extension:largeBlob: true, webauthn:extension:minPinLength: true, webauthn:extension:prf: true, webauthn:virtualAuthenticators: true}&#10;Session ID: 49eb74e1db0d961b2c094de8fade8236" type="org.openqa.selenium.NoSuchElementException"><![CDATA[org.openqa.selenium.NoSuchElementException: 
no such element: Unable to locate element: {"method":"css selector","selector":"#message"}
  (Session info: chrome=138.0.7204.158)
For documentation on this error, please visit: https://www.selenium.dev/documentation/webdriver/troubleshooting/errors#no-such-element-exception
Build info: version: '4.21.0', revision: '79ed462ef4'
System info: os.name: 'Windows 10', os.arch: 'amd64', os.version: '10.0', java.version: '17.0.15'
Driver info: org.openqa.selenium.chrome.ChromeDriver
Command: [49eb74e1db0d961b2c094de8fade8236, findElement {value=message, using=id}]
Capabilities {acceptInsecureCerts: false, browserName: chrome, browserVersion: 138.0.7204.158, chrome: {chromedriverVersion: 138.0.7204.168 (3e8d82e86e9..., userDataDir: C:\Users\arens\AppData\Loca...}, fedcm:accounts: true, goog:chromeOptions: {debuggerAddress: localhost:51219}, networkConnectionEnabled: false, pageLoadStrategy: normal, platformName: windows, proxy: Proxy(), se:cdp: ws://localhost:51219/devtoo..., se:cdpVersion: 138.0.7204.158, setWindowRect: true, strictFileInteractability: false, timeouts: {implicit: 0, pageLoad: 300000, script: 30000}, unhandledPromptBehavior: dismiss and notify, webauthn:extension:credBlob: true, webauthn:extension:largeBlob: true, webauthn:extension:minPinLength: true, webauthn:extension:prf: true, webauthn:virtualAuthenticators: true}
Session ID: 49eb74e1db0d961b2c094de8fade8236
	at java.base/jdk.internal.reflect.NativeConstructorAccessorImpl.newInstance0(Native Method)
	at java.base/jdk.internal.reflect.NativeConstructorAccessorImpl.newInstance(NativeConstructorAccessorImpl.java:77)
	at java.base/jdk.internal.reflect.DelegatingConstructorAccessorImpl.newInstance(DelegatingConstructorAccessorImpl.java:45)
	at java.base/java.lang.reflect.Constructor.newInstanceWithCaller(Constructor.java:500)
	at java.base/java.lang.reflect.Constructor.newInstance(Constructor.java:481)
	at org.openqa.selenium.remote.ErrorCodec.decode(ErrorCodec.java:167)
	at org.openqa.selenium.remote.codec.w3c.W3CHttpResponseCodec.decode(W3CHttpResponseCodec.java:138)
	at org.openqa.selenium.remote.codec.w3c.W3CHttpResponseCodec.decode(W3CHttpResponseCodec.java:50)
	at org.openqa.selenium.remote.HttpCommandExecutor.execute(HttpCommandExecutor.java:190)
	at org.openqa.selenium.remote.service.DriverCommandExecutor.invokeExecute(DriverCommandExecutor.java:216)
	at org.openqa.selenium.remote.service.DriverCommandExecutor.execute(DriverCommandExecutor.java:174)
	at org.openqa.selenium.remote.RemoteWebDriver.execute(RemoteWebDriver.java:518)
	at org.openqa.selenium.remote.ElementLocation$ElementFinder$2.findElement(ElementLocation.java:165)
	at org.openqa.selenium.remote.ElementLocation.findElement(ElementLocation.java:59)
	at org.openqa.selenium.remote.RemoteWebDriver.findElement(RemoteWebDriver.java:355)
	at org.openqa.selenium.remote.RemoteWebDriver.findElement(RemoteWebDriver.java:349)
	at cl.kibernumacademy.pom.pages.WebFormPage.getSuccessMessage(WebFormPage.java:118)
	at cl.kibernumacademy.pom.tests.WebFormTest.testSubmitFromSuccess(WebFormTest.java:124)
	at java.base/java.lang.reflect.Method.invoke(Method.java:569)
	at java.base/java.util.ArrayList.forEach(ArrayList.java:1511)
	at java.base/java.util.ArrayList.forEach(ArrayList.java:1511)
]]></error>
    <system-err><![CDATA[jul. 22, 2025 8:28:45 P. M. org.openqa.selenium.devtools.CdpVersionFinder findNearestMatch
ADVERTENCIA: Unable to find CDP implementation matching 138
jul. 22, 2025 8:28:45 P. M. org.openqa.selenium.chromium.ChromiumDriver lambda$new$5
ADVERTENCIA: Unable to find version of CDP to use for 138.0.7204.158. You may need to include a dependency on a specific version of the CDP using something similar to `org.seleniumhq.selenium:selenium-devtools-v86:4.21.0` where the version ("v86") matches the version of the chromium-based browser you're using and the version number of the artifact is the same as Selenium's.
]]></system-err>
  </testcase>
  <testcase name="testTextInput" classname="cl.kibernumacademy.pom.tests.WebFormTest" time="2.456">
    <system-err><![CDATA[jul. 22, 2025 8:28:49 P. M. org.openqa.selenium.devtools.CdpVersionFinder findNearestMatch
ADVERTENCIA: Unable to find CDP implementation matching 138
jul. 22, 2025 8:28:49 P. M. org.openqa.selenium.chromium.ChromiumDriver lambda$new$5
ADVERTENCIA: Unable to find version of CDP to use for 138.0.7204.158. You may need to include a dependency on a specific version of the CDP using something similar to `org.seleniumhq.selenium:selenium-devtools-v86:4.21.0` where the version ("v86") matches the version of the chromium-based browser you're using and the version number of the artifact is the same as Selenium's.
]]></system-err>
  </testcase>
  <testcase name="testDateInput" classname="cl.kibernumacademy.pom.tests.WebFormTest" time="2.484">
    <system-err><![CDATA[jul. 22, 2025 8:28:51 P. M. org.openqa.selenium.devtools.CdpVersionFinder findNearestMatch
ADVERTENCIA: Unable to find CDP implementation matching 138
jul. 22, 2025 8:28:51 P. M. org.openqa.selenium.chromium.ChromiumDriver lambda$new$5
ADVERTENCIA: Unable to find version of CDP to use for 138.0.7204.158. You may need to include a dependency on a specific version of the CDP using something similar to `org.seleniumhq.selenium:selenium-devtools-v86:4.21.0` where the version ("v86") matches the version of the chromium-based browser you're using and the version number of the artifact is the same as Selenium's.
]]></system-err>
  </testcase>
  <testcase name="testSelectMenu" classname="cl.kibernumacademy.pom.tests.WebFormTest" time="2.495">
    <system-err><![CDATA[jul. 22, 2025 8:28:53 P. M. org.openqa.selenium.devtools.CdpVersionFinder findNearestMatch
ADVERTENCIA: Unable to find CDP implementation matching 138
jul. 22, 2025 8:28:53 P. M. org.openqa.selenium.chromium.ChromiumDriver lambda$new$5
ADVERTENCIA: Unable to find version of CDP to use for 138.0.7204.158. You may need to include a dependency on a specific version of the CDP using something similar to `org.seleniumhq.selenium:selenium-devtools-v86:4.21.0` where the version ("v86") matches the version of the chromium-based browser you're using and the version number of the artifact is the same as Selenium's.
]]></system-err>
  </testcase>
</testsuite>